2025-02-04 10:59:10,642 - tests.scripts.test_improvements - INFO - Test directories setup - sample_dir: /home/seth-n/CLionProjects/Textbook Divider/tests/scripts/sample_books, output_dir: /home/seth-n/CLionProjects/Textbook Divider/tests/scripts/output
2025-02-04 10:59:10,642 - tests.scripts.test_improvements - INFO - Starting test: test_complex_formatting
2025-02-04 10:59:10,642 - tests.scripts.test_improvements - DEBUG - Test function signature: (self)
2025-02-04 10:59:10,642 - tests.scripts.test_improvements - INFO - Processing complex file: /home/seth-n/CLionProjects/Textbook Divider/tests/scripts/sample_books/complex_sample.txt
2025-02-04 10:59:10,645 - tests.scripts.test_improvements - INFO - Test completed successfully: test_complex_formatting
2025-02-04 10:59:10,646 - tests.scripts.test_improvements - INFO - Test directories setup - sample_dir: /home/seth-n/CLionProjects/Textbook Divider/tests/scripts/sample_books, output_dir: /home/seth-n/CLionProjects/Textbook Divider/tests/scripts/output
2025-02-04 10:59:10,646 - tests.scripts.test_improvements - INFO - Starting test: test_enhanced_chapter_detection
2025-02-04 10:59:10,646 - tests.scripts.test_improvements - DEBUG - Test function signature: (self)
2025-02-04 10:59:10,647 - tests.scripts.test_improvements - INFO - Test completed successfully: test_enhanced_chapter_detection
2025-02-04 10:59:10,649 - tests.scripts.test_improvements - INFO - Test directories setup - sample_dir: /home/seth-n/CLionProjects/Textbook Divider/tests/scripts/sample_books, output_dir: /home/seth-n/CLionProjects/Textbook Divider/tests/scripts/output
2025-02-04 10:59:10,649 - tests.scripts.test_improvements - INFO - Starting test: test_error_handling
2025-02-04 10:59:10,650 - tests.scripts.test_improvements - DEBUG - Test function signature: (self)
2025-02-04 10:59:10,650 - tests.scripts.test_improvements - INFO - Testing invalid file format
2025-02-04 10:59:10,651 - tests.scripts.test_improvements - ERROR - Test failed: test_error_handling
2025-02-04 10:59:10,652 - tests.scripts.test_improvements - ERROR - Failed to process book: Unsupported file format: .xyz
Traceback (most recent call last):
  File "/home/seth-n/CLionProjects/Textbook Divider/src/textbook_divider/main.py", line 62, in process_book
    handler = self._get_validated_handler(input_path)
              ^^^^^^^^^^^^^^^^^^^^^^^^^^^^^^^^^^^^^^^
  File "/home/seth-n/CLionProjects/Textbook Divider/src/textbook_divider/main.py", line 91, in _get_validated_handler
    raise ValueError(f"Unsupported file format: {input_path.suffix}")
ValueError: Unsupported file format: .xyz

During handling of the above exception, another exception occurred:

Traceback (most recent call last):
  File "/home/seth-n/CLionProjects/Textbook Divider/tests/scripts/test_utils.py", line 50, in wrapper
    result = func(self, *args, **kwargs)
             ^^^^^^^^^^^^^^^^^^^^^^^^^^^
  File "/home/seth-n/CLionProjects/Textbook Divider/tests/scripts/test_improvements.py", line 111, in test_error_handling
    self.divider.process_book("nonexistent.xyz", str(self.output_dir))
  File "/home/seth-n/CLionProjects/Textbook Divider/src/textbook_divider/main.py", line 85, in process_book
    raise ProcessingError(f"Failed to process book: {str(e)}")
textbook_divider.main.ProcessingError: Failed to process book: Unsupported file format: .xyz
2025-02-04 10:59:10,656 - tests.scripts.test_improvements - INFO - Test directories setup - sample_dir: /home/seth-n/CLionProjects/Textbook Divider/tests/scripts/sample_books, output_dir: /home/seth-n/CLionProjects/Textbook Divider/tests/scripts/output
2025-02-04 10:59:10,656 - tests.scripts.test_improvements - INFO - Starting test: test_formatting_preservation
2025-02-04 10:59:10,656 - tests.scripts.test_improvements - DEBUG - Test function signature: (self)
2025-02-04 10:59:10,657 - tests.scripts.test_improvements - INFO - Test completed successfully: test_formatting_preservation
2025-02-04 10:59:10,658 - tests.scripts.test_improvements - INFO - Test directories setup - sample_dir: /home/seth-n/CLionProjects/Textbook Divider/tests/scripts/sample_books, output_dir: /home/seth-n/CLionProjects/Textbook Divider/tests/scripts/output
2025-02-04 10:59:10,658 - tests.scripts.test_improvements - INFO - Starting test: test_metadata_generation
2025-02-04 10:59:10,658 - tests.scripts.test_improvements - DEBUG - Test function signature: (self)
2025-02-04 10:59:10,659 - tests.scripts.test_improvements - INFO - Processing test file: /home/seth-n/CLionProjects/Textbook Divider/tests/scripts/sample_books/sample.txt
2025-02-04 10:59:10,662 - tests.scripts.test_improvements - INFO - Test completed successfully: test_metadata_generation
2025-02-04 10:59:10,663 - tests.scripts.test_improvements - INFO - Test directories setup - sample_dir: /home/seth-n/CLionProjects/Textbook Divider/tests/scripts/sample_books, output_dir: /home/seth-n/CLionProjects/Textbook Divider/tests/scripts/output
2025-02-04 10:59:10,663 - tests.scripts.test_improvements - INFO - Starting test: test_nested_chapter_structure
2025-02-04 10:59:10,663 - tests.scripts.test_improvements - DEBUG - Test function signature: (self)
2025-02-04 10:59:10,663 - tests.scripts.test_improvements - INFO - Processing file for nested structure: /home/seth-n/CLionProjects/Textbook Divider/tests/scripts/sample_books/complex_sample.txt
2025-02-04 10:59:10,665 - tests.scripts.test_improvements - INFO - Test completed successfully: test_nested_chapter_structure
2025-02-04 10:59:10,666 - tests.scripts.test_improvements - INFO - Test directories setup - sample_dir: /home/seth-n/CLionProjects/Textbook Divider/tests/scripts/sample_books, output_dir: /home/seth-n/CLionProjects/Textbook Divider/tests/scripts/output
2025-02-04 10:59:10,666 - tests.scripts.test_improvements - INFO - Starting test: test_text_block_processing
2025-02-04 10:59:10,666 - tests.scripts.test_improvements - DEBUG - Test function signature: (self)
2025-02-04 10:59:10,667 - tests.scripts.test_improvements - INFO - Test completed successfully: test_text_block_processing
