2025-02-04 10:57:38,759 - tests.scripts.test_improvements - INFO - Test directories setup - sample_dir: /home/seth-n/CLionProjects/Textbook Divider/tests/scripts/sample_books, output_dir: /home/seth-n/CLionProjects/Textbook Divider/tests/scripts/output
2025-02-04 10:57:38,760 - tests.scripts.test_improvements - INFO - Starting test: test_complex_formatting
2025-02-04 10:57:38,760 - tests.scripts.test_improvements - DEBUG - Test function signature: (self)
2025-02-04 10:57:38,760 - tests.scripts.test_improvements - INFO - Processing complex file: /home/seth-n/CLionProjects/Textbook Divider/tests/scripts/sample_books/complex_sample.txt
2025-02-04 10:57:38,766 - tests.scripts.test_improvements - ERROR - Test failed: test_complex_formatting
2025-02-04 10:57:38,766 - tests.scripts.test_improvements - ERROR - '*emphasized*' not found in 'Chapter 2: Musical Theory\n==================================================\nConfidence: 1.00\n==================================================\n\nChapter 2: Musical Theory\n\nSection 1: Basic Notation\n----------------------------------------\n\n2.1 Basic Notation\n‚ô© Quarter note\n‚ô™ Eighth note\nùÑû Treble clef\n\n| Header 1 | Header 2 |\n|----------|----------|\n| Cell 1   | Cell 2   |'
Traceback (most recent call last):
  File "/home/seth-n/CLionProjects/Textbook Divider/tests/scripts/test_utils.py", line 50, in wrapper
    result = func(self, *args, **kwargs)
             ^^^^^^^^^^^^^^^^^^^^^^^^^^^
  File "/home/seth-n/CLionProjects/Textbook Divider/tests/scripts/test_improvements.py", line 164, in test_complex_formatting
    self.assertIn('*emphasized*', content)
  File "/usr/lib/python3.12/unittest/case.py", line 1152, in assertIn
    self.fail(self._formatMessage(msg, standardMsg))
  File "/usr/lib/python3.12/unittest/case.py", line 715, in fail
    raise self.failureException(msg)
AssertionError: '*emphasized*' not found in 'Chapter 2: Musical Theory\n==================================================\nConfidence: 1.00\n==================================================\n\nChapter 2: Musical Theory\n\nSection 1: Basic Notation\n----------------------------------------\n\n2.1 Basic Notation\n‚ô© Quarter note\n‚ô™ Eighth note\nùÑû Treble clef\n\n| Header 1 | Header 2 |\n|----------|----------|\n| Cell 1   | Cell 2   |'
2025-02-04 10:57:38,770 - tests.scripts.test_improvements - INFO - Test directories setup - sample_dir: /home/seth-n/CLionProjects/Textbook Divider/tests/scripts/sample_books, output_dir: /home/seth-n/CLionProjects/Textbook Divider/tests/scripts/output
2025-02-04 10:57:38,771 - tests.scripts.test_improvements - INFO - Starting test: test_enhanced_chapter_detection
2025-02-04 10:57:38,771 - tests.scripts.test_improvements - DEBUG - Test function signature: (self)
2025-02-04 10:57:38,771 - tests.scripts.test_improvements - INFO - Test completed successfully: test_enhanced_chapter_detection
2025-02-04 10:57:38,773 - tests.scripts.test_improvements - INFO - Test directories setup - sample_dir: /home/seth-n/CLionProjects/Textbook Divider/tests/scripts/sample_books, output_dir: /home/seth-n/CLionProjects/Textbook Divider/tests/scripts/output
2025-02-04 10:57:38,773 - tests.scripts.test_improvements - INFO - Starting test: test_error_handling
2025-02-04 10:57:38,773 - tests.scripts.test_improvements - DEBUG - Test function signature: (self)
2025-02-04 10:57:38,774 - tests.scripts.test_improvements - INFO - Testing invalid file format
2025-02-04 10:57:38,774 - tests.scripts.test_improvements - ERROR - Test failed: test_error_handling
2025-02-04 10:57:38,774 - tests.scripts.test_improvements - ERROR - Failed to process book: Unsupported file format: .xyz
Traceback (most recent call last):
  File "/home/seth-n/CLionProjects/Textbook Divider/src/textbook_divider/main.py", line 62, in process_book
    handler = self._get_validated_handler(input_path)
              ^^^^^^^^^^^^^^^^^^^^^^^^^^^^^^^^^^^^^^^
  File "/home/seth-n/CLionProjects/Textbook Divider/src/textbook_divider/main.py", line 91, in _get_validated_handler
    raise ValueError(f"Unsupported file format: {input_path.suffix}")
ValueError: Unsupported file format: .xyz

During handling of the above exception, another exception occurred:

Traceback (most recent call last):
  File "/home/seth-n/CLionProjects/Textbook Divider/tests/scripts/test_utils.py", line 50, in wrapper
    result = func(self, *args, **kwargs)
             ^^^^^^^^^^^^^^^^^^^^^^^^^^^
  File "/home/seth-n/CLionProjects/Textbook Divider/tests/scripts/test_improvements.py", line 111, in test_error_handling
    self.divider.process_book("nonexistent.xyz", str(self.output_dir))
  File "/home/seth-n/CLionProjects/Textbook Divider/src/textbook_divider/main.py", line 85, in process_book
    raise ProcessingError(f"Failed to process book: {str(e)}")
textbook_divider.main.ProcessingError: Failed to process book: Unsupported file format: .xyz
2025-02-04 10:57:38,776 - tests.scripts.test_improvements - INFO - Test directories setup - sample_dir: /home/seth-n/CLionProjects/Textbook Divider/tests/scripts/sample_books, output_dir: /home/seth-n/CLionProjects/Textbook Divider/tests/scripts/output
2025-02-04 10:57:38,776 - tests.scripts.test_improvements - INFO - Starting test: test_formatting_preservation
2025-02-04 10:57:38,777 - tests.scripts.test_improvements - DEBUG - Test function signature: (self)
2025-02-04 10:57:38,778 - tests.scripts.test_improvements - INFO - Test completed successfully: test_formatting_preservation
2025-02-04 10:57:38,779 - tests.scripts.test_improvements - INFO - Test directories setup - sample_dir: /home/seth-n/CLionProjects/Textbook Divider/tests/scripts/sample_books, output_dir: /home/seth-n/CLionProjects/Textbook Divider/tests/scripts/output
2025-02-04 10:57:38,779 - tests.scripts.test_improvements - INFO - Starting test: test_metadata_generation
2025-02-04 10:57:38,779 - tests.scripts.test_improvements - DEBUG - Test function signature: (self)
2025-02-04 10:57:38,779 - tests.scripts.test_improvements - INFO - Processing test file: /home/seth-n/CLionProjects/Textbook Divider/tests/scripts/sample_books/sample.txt
2025-02-04 10:57:38,781 - tests.scripts.test_improvements - INFO - Test completed successfully: test_metadata_generation
2025-02-04 10:57:38,781 - tests.scripts.test_improvements - INFO - Test directories setup - sample_dir: /home/seth-n/CLionProjects/Textbook Divider/tests/scripts/sample_books, output_dir: /home/seth-n/CLionProjects/Textbook Divider/tests/scripts/output
2025-02-04 10:57:38,782 - tests.scripts.test_improvements - INFO - Starting test: test_nested_chapter_structure
2025-02-04 10:57:38,782 - tests.scripts.test_improvements - DEBUG - Test function signature: (self)
2025-02-04 10:57:38,782 - tests.scripts.test_improvements - INFO - Processing file for nested structure: /home/seth-n/CLionProjects/Textbook Divider/tests/scripts/sample_books/complex_sample.txt
2025-02-04 10:57:38,783 - tests.scripts.test_improvements - INFO - Test completed successfully: test_nested_chapter_structure
2025-02-04 10:57:38,784 - tests.scripts.test_improvements - INFO - Test directories setup - sample_dir: /home/seth-n/CLionProjects/Textbook Divider/tests/scripts/sample_books, output_dir: /home/seth-n/CLionProjects/Textbook Divider/tests/scripts/output
2025-02-04 10:57:38,784 - tests.scripts.test_improvements - INFO - Starting test: test_text_block_processing
2025-02-04 10:57:38,784 - tests.scripts.test_improvements - DEBUG - Test function signature: (self)
2025-02-04 10:57:38,784 - tests.scripts.test_improvements - INFO - Test completed successfully: test_text_block_processing
